<<<<<<< HEAD
"Catppuccin Mocha" "https://github.com/prasanthrangan/hyde-themes/tree/Catppuccin-Mocha"
"Catppuccin Latte" "https://github.com/prasanthrangan/hyde-themes/tree/Catppuccin-Latte"
"Rosé Pine" "https://github.com/prasanthrangan/hyde-themes/tree/Rose-Pine"
"Tokyo Night" "https://github.com/prasanthrangan/hyde-themes/tree/Tokyo-Night"
"Material Sakura" "https://github.com/prasanthrangan/hyde-themes/tree/Material-Sakura"
"Graphite Mono" "https://github.com/prasanthrangan/hyde-themes/tree/Graphite-Mono"
"Decay Green" "https://github.com/prasanthrangan/hyde-themes/tree/Decay-Green"
"Edge Runner" "https://github.com/prasanthrangan/hyde-themes/tree/Edge-Runner"
"Frosted Glass" "https://github.com/prasanthrangan/hyde-themes/tree/Frosted-Glass"
"Gruvbox Retro" "https://github.com/prasanthrangan/hyde-themes/tree/Gruvbox-Retro"
"Synth Wave" "https://github.com/prasanthrangan/hyde-themes/tree/Synth-Wave"
"Nordic Blue" "https://github.com/prasanthrangan/hyde-themes/tree/Nordic-Blue"
=======
 "Sweet" "https://github.com/gigas002/hyprdots-sweet" "eliverLara.sweet-vscode~Sweet vscode"
 "MacOS" "https://github.com/T-Crypt/hyprdots/tree/MacOS-/-Windows" "davidbwaters.macos-modern-theme~MacOS Modern Dark - Xcode Default"
 "Windows-11" "https://github.com/T-Crypt/hyprdots/tree/MacOS-/-Windows" "ExtensionCreator.windows-11-color-theme~Windows 11 Dark"
 "One-Dark" "https://github.com/RAprogramm/hyprdots-theme/tree/One-Dark" "mskelton.one-dark-theme~One Dark"
 "Synth-Wave" "https://github.com/prasanthrangan/hyprdots-mod/tree/Synth-Wave" "robbowen.synthwave-vscode~SynthWave '84"
 "Nordic-Blue" "https://github.com/prasanthrangan/hyprdots-mod/tree/Nordic-Blue" "arcticicestudio.nord-visual-studio-code~Nord"
 "Rain-Dark" "https://github.com/yashranjan1/hyprdots-rain-dark-theme"
>>>>>>> Testing
